Setting up and running the application... 
Project root set to: C:\Users\Hoang Duy\Documents\Phan Lac Hung\autocode_assistant\code_generated_result\flashcard_web_application\ 
Checking for Python... 
Python 3.10.10
Python found. 
Setting up virtual environment in C:\Users\Hoang Duy\Documents\Phan Lac Hung\autocode_assistant\code_generated_result\flashcard_web_application\\venv... 
Virtual environment activated. 
Installing dependencies... 
Requirement already satisfied: fastapi[all] in c:\users\hoang duy\documents\phan lac hung\autocode_assistant\code_generated_result\flashcard_web_application\venv\lib\site-packages (from -r requirements.txt (line 1)) (0.115.12)
Requirement already satisfied: uvicorn in c:\users\hoang duy\documents\phan lac hung\autocode_assistant\code_generated_result\flashcard_web_application\venv\lib\site-packages (from -r requirements.txt (line 2)) (0.34.2)
Requirement already satisfied: SQLAlchemy in c:\users\hoang duy\documents\phan lac hung\autocode_assistant\code_generated_result\flashcard_web_application\venv\lib\site-packages (from -r requirements.txt (line 3)) (2.0.41)
Requirement already satisfied: pydantic in c:\users\hoang duy\documents\phan lac hung\autocode_assistant\code_generated_result\flashcard_web_application\venv\lib\site-packages (from -r requirements.txt (line 4)) (2.11.5)
Requirement already satisfied: aiosqlite in c:\users\hoang duy\documents\phan lac hung\autocode_assistant\code_generated_result\flashcard_web_application\venv\lib\site-packages (from -r requirements.txt (line 5)) (0.21.0)
Requirement already satisfied: pytest in c:\users\hoang duy\documents\phan lac hung\autocode_assistant\code_generated_result\flashcard_web_application\venv\lib\site-packages (from -r requirements.txt (line 8)) (8.3.5)
Requirement already satisfied: pytest-mock in c:\users\hoang duy\documents\phan lac hung\autocode_assistant\code_generated_result\flashcard_web_application\venv\lib\site-packages (from -r requirements.txt (line 9)) (3.14.1)
Requirement already satisfied: pytest-asyncio in c:\users\hoang duy\documents\phan lac hung\autocode_assistant\code_generated_result\flashcard_web_application\venv\lib\site-packages (from -r requirements.txt (line 10)) (1.0.0)
Requirement already satisfied: typing-extensions>=4.8.0 in c:\users\hoang duy\documents\phan lac hung\autocode_assistant\code_generated_result\flashcard_web_application\venv\lib\site-packages (from fastapi[all]->-r requirements.txt (line 1)) (4.13.2)
Requirement already satisfied: starlette<0.47.0,>=0.40.0 in c:\users\hoang duy\documents\phan lac hung\autocode_assistant\code_generated_result\flashcard_web_application\venv\lib\site-packages (from fastapi[all]->-r requirements.txt (line 1)) (0.46.2)
Requirement already satisfied: itsdangerous>=1.1.0 in c:\users\hoang duy\documents\phan lac hung\autocode_assistant\code_generated_result\flashcard_web_application\venv\lib\site-packages (from fastapi[all]->-r requirements.txt (line 1)) (2.2.0)
Requirement already satisfied: pyyaml>=5.3.1 in c:\users\hoang duy\documents\phan lac hung\autocode_assistant\code_generated_result\flashcard_web_application\venv\lib\site-packages (from fastapi[all]->-r requirements.txt (line 1)) (6.0.2)
Requirement already satisfied: python-multipart>=0.0.18 in c:\users\hoang duy\documents\phan lac hung\autocode_assistant\code_generated_result\flashcard_web_application\venv\lib\site-packages (from fastapi[all]->-r requirements.txt (line 1)) (0.0.20)
Requirement already satisfied: pydantic-extra-types>=2.0.0 in c:\users\hoang duy\documents\phan lac hung\autocode_assistant\code_generated_result\flashcard_web_application\venv\lib\site-packages (from fastapi[all]->-r requirements.txt (line 1)) (2.10.4)
Requirement already satisfied: fastapi-cli[standard]>=0.0.5 in c:\users\hoang duy\documents\phan lac hung\autocode_assistant\code_generated_result\flashcard_web_application\venv\lib\site-packages (from fastapi[all]->-r requirements.txt (line 1)) (0.0.7)
Requirement already satisfied: ujson!=4.0.2,!=4.1.0,!=4.2.0,!=4.3.0,!=5.0.0,!=5.1.0,>=4.0.1 in c:\users\hoang duy\documents\phan lac hung\autocode_assistant\code_generated_result\flashcard_web_application\venv\lib\site-packages (from fastapi[all]->-r requirements.txt (line 1)) (5.10.0)
Requirement already satisfied: orjson>=3.2.1 in c:\users\hoang duy\documents\phan lac hung\autocode_assistant\code_generated_result\flashcard_web_application\venv\lib\site-packages (from fastapi[all]->-r requirements.txt (line 1)) (3.10.18)
Requirement already satisfied: httpx>=0.23.0 in c:\users\hoang duy\documents\phan lac hung\autocode_assistant\code_generated_result\flashcard_web_application\venv\lib\site-packages (from fastapi[all]->-r requirements.txt (line 1)) (0.28.1)
Requirement already satisfied: jinja2>=3.1.5 in c:\users\hoang duy\documents\phan lac hung\autocode_assistant\code_generated_result\flashcard_web_application\venv\lib\site-packages (from fastapi[all]->-r requirements.txt (line 1)) (3.1.6)
Requirement already satisfied: pydantic-settings>=2.0.0 in c:\users\hoang duy\documents\phan lac hung\autocode_assistant\code_generated_result\flashcard_web_application\venv\lib\site-packages (from fastapi[all]->-r requirements.txt (line 1)) (2.9.1)
Requirement already satisfied: email-validator>=2.0.0 in c:\users\hoang duy\documents\phan lac hung\autocode_assistant\code_generated_result\flashcard_web_application\venv\lib\site-packages (from fastapi[all]->-r requirements.txt (line 1)) (2.2.0)
Requirement already satisfied: h11>=0.8 in c:\users\hoang duy\documents\phan lac hung\autocode_assistant\code_generated_result\flashcard_web_application\venv\lib\site-packages (from uvicorn->-r requirements.txt (line 2)) (0.16.0)
Requirement already satisfied: click>=7.0 in c:\users\hoang duy\documents\phan lac hung\autocode_assistant\code_generated_result\flashcard_web_application\venv\lib\site-packages (from uvicorn->-r requirements.txt (line 2)) (8.2.1)
Requirement already satisfied: greenlet>=1 in c:\users\hoang duy\documents\phan lac hung\autocode_assistant\code_generated_result\flashcard_web_application\venv\lib\site-packages (from SQLAlchemy->-r requirements.txt (line 3)) (3.2.2)
Requirement already satisfied: typing-inspection>=0.4.0 in c:\users\hoang duy\documents\phan lac hung\autocode_assistant\code_generated_result\flashcard_web_application\venv\lib\site-packages (from pydantic->-r requirements.txt (line 4)) (0.4.1)
Requirement already satisfied: annotated-types>=0.6.0 in c:\users\hoang duy\documents\phan lac hung\autocode_assistant\code_generated_result\flashcard_web_application\venv\lib\site-packages (from pydantic->-r requirements.txt (line 4)) (0.7.0)
Requirement already satisfied: pydantic-core==2.33.2 in c:\users\hoang duy\documents\phan lac hung\autocode_assistant\code_generated_result\flashcard_web_application\venv\lib\site-packages (from pydantic->-r requirements.txt (line 4)) (2.33.2)
Requirement already satisfied: websockets>=10.4 in c:\users\hoang duy\documents\phan lac hung\autocode_assistant\code_generated_result\flashcard_web_application\venv\lib\site-packages (from uvicorn->-r requirements.txt (line 2)) (15.0.1)
Requirement already satisfied: colorama>=0.4 in c:\users\hoang duy\documents\phan lac hung\autocode_assistant\code_generated_result\flashcard_web_application\venv\lib\site-packages (from uvicorn->-r requirements.txt (line 2)) (0.4.6)
Requirement already satisfied: httptools>=0.6.3 in c:\users\hoang duy\documents\phan lac hung\autocode_assistant\code_generated_result\flashcard_web_application\venv\lib\site-packages (from uvicorn->-r requirements.txt (line 2)) (0.6.4)
Requirement already satisfied: python-dotenv>=0.13 in c:\users\hoang duy\documents\phan lac hung\autocode_assistant\code_generated_result\flashcard_web_application\venv\lib\site-packages (from uvicorn->-r requirements.txt (line 2)) (1.1.0)
Requirement already satisfied: watchfiles>=0.13 in c:\users\hoang duy\documents\phan lac hung\autocode_assistant\code_generated_result\flashcard_web_application\venv\lib\site-packages (from uvicorn->-r requirements.txt (line 2)) (1.0.5)
Requirement already satisfied: exceptiongroup>=1.0.0rc8 in c:\users\hoang duy\documents\phan lac hung\autocode_assistant\code_generated_result\flashcard_web_application\venv\lib\site-packages (from pytest->-r requirements.txt (line 8)) (1.3.0)
Requirement already satisfied: packaging in c:\users\hoang duy\documents\phan lac hung\autocode_assistant\code_generated_result\flashcard_web_application\venv\lib\site-packages (from pytest->-r requirements.txt (line 8)) (25.0)
Requirement already satisfied: pluggy<2,>=1.5 in c:\users\hoang duy\documents\phan lac hung\autocode_assistant\code_generated_result\flashcard_web_application\venv\lib\site-packages (from pytest->-r requirements.txt (line 8)) (1.6.0)
Requirement already satisfied: tomli>=1 in c:\users\hoang duy\documents\phan lac hung\autocode_assistant\code_generated_result\flashcard_web_application\venv\lib\site-packages (from pytest->-r requirements.txt (line 8)) (2.2.1)
Requirement already satisfied: iniconfig in c:\users\hoang duy\documents\phan lac hung\autocode_assistant\code_generated_result\flashcard_web_application\venv\lib\site-packages (from pytest->-r requirements.txt (line 8)) (2.1.0)
Requirement already satisfied: dnspython>=2.0.0 in c:\users\hoang duy\documents\phan lac hung\autocode_assistant\code_generated_result\flashcard_web_application\venv\lib\site-packages (from email-validator>=2.0.0->fastapi[all]->-r requirements.txt (line 1)) (2.7.0)
Requirement already satisfied: idna>=2.0.0 in c:\users\hoang duy\documents\phan lac hung\autocode_assistant\code_generated_result\flashcard_web_application\venv\lib\site-packages (from email-validator>=2.0.0->fastapi[all]->-r requirements.txt (line 1)) (3.10)
Requirement already satisfied: typer>=0.12.3 in c:\users\hoang duy\documents\phan lac hung\autocode_assistant\code_generated_result\flashcard_web_application\venv\lib\site-packages (from fastapi-cli[standard]>=0.0.5->fastapi[all]->-r requirements.txt (line 1)) (0.16.0)
Requirement already satisfied: rich-toolkit>=0.11.1 in c:\users\hoang duy\documents\phan lac hung\autocode_assistant\code_generated_result\flashcard_web_application\venv\lib\site-packages (from fastapi-cli[standard]>=0.0.5->fastapi[all]->-r requirements.txt (line 1)) (0.14.7)
Requirement already satisfied: httpcore==1.* in c:\users\hoang duy\documents\phan lac hung\autocode_assistant\code_generated_result\flashcard_web_application\venv\lib\site-packages (from httpx>=0.23.0->fastapi[all]->-r requirements.txt (line 1)) (1.0.9)
Requirement already satisfied: certifi in c:\users\hoang duy\documents\phan lac hung\autocode_assistant\code_generated_result\flashcard_web_application\venv\lib\site-packages (from httpx>=0.23.0->fastapi[all]->-r requirements.txt (line 1)) (2025.4.26)
Requirement already satisfied: anyio in c:\users\hoang duy\documents\phan lac hung\autocode_assistant\code_generated_result\flashcard_web_application\venv\lib\site-packages (from httpx>=0.23.0->fastapi[all]->-r requirements.txt (line 1)) (4.9.0)
Requirement already satisfied: MarkupSafe>=2.0 in c:\users\hoang duy\documents\phan lac hung\autocode_assistant\code_generated_result\flashcard_web_application\venv\lib\site-packages (from jinja2>=3.1.5->fastapi[all]->-r requirements.txt (line 1)) (3.0.2)
Requirement already satisfied: sniffio>=1.1 in c:\users\hoang duy\documents\phan lac hung\autocode_assistant\code_generated_result\flashcard_web_application\venv\lib\site-packages (from anyio->httpx>=0.23.0->fastapi[all]->-r requirements.txt (line 1)) (1.3.1)
Requirement already satisfied: rich>=13.7.1 in c:\users\hoang duy\documents\phan lac hung\autocode_assistant\code_generated_result\flashcard_web_application\venv\lib\site-packages (from rich-toolkit>=0.11.1->fastapi-cli[standard]>=0.0.5->fastapi[all]->-r requirements.txt (line 1)) (14.0.0)
Requirement already satisfied: shellingham>=1.3.0 in c:\users\hoang duy\documents\phan lac hung\autocode_assistant\code_generated_result\flashcard_web_application\venv\lib\site-packages (from typer>=0.12.3->fastapi-cli[standard]>=0.0.5->fastapi[all]->-r requirements.txt (line 1)) (1.5.4)
Requirement already satisfied: markdown-it-py>=2.2.0 in c:\users\hoang duy\documents\phan lac hung\autocode_assistant\code_generated_result\flashcard_web_application\venv\lib\site-packages (from rich>=13.7.1->rich-toolkit>=0.11.1->fastapi-cli[standard]>=0.0.5->fastapi[all]->-r requirements.txt (line 1)) (3.0.0)
Requirement already satisfied: pygments<3.0.0,>=2.13.0 in c:\users\hoang duy\documents\phan lac hung\autocode_assistant\code_generated_result\flashcard_web_application\venv\lib\site-packages (from rich>=13.7.1->rich-toolkit>=0.11.1->fastapi-cli[standard]>=0.0.5->fastapi[all]->-r requirements.txt (line 1)) (2.19.1)
Requirement already satisfied: mdurl~=0.1 in c:\users\hoang duy\documents\phan lac hung\autocode_assistant\code_generated_result\flashcard_web_application\venv\lib\site-packages (from markdown-it-py>=2.2.0->rich>=13.7.1->rich-toolkit>=0.11.1->fastapi-cli[standard]>=0.0.5->fastapi[all]->-r requirements.txt (line 1)) (0.1.2)

[notice] A new release of pip available: 22.3.1 -> 25.1.1
[notice] To update, run: python.exe -m pip install --upgrade pip
Dependencies installed. 
Starting the application... 
INFO:     Will watch for changes in these directories: ['C:\\Users\\Hoang Duy\\Documents\\Phan Lac Hung\\autocode_assistant\\code_generated_result\\flashcard_web_application']
INFO:     Uvicorn running on http://127.0.0.1:8001 (Press CTRL+C to quit)
INFO:     Started reloader process [10416] using WatchFiles
INFO:     Started server process [2684]
INFO:     Waiting for application startup.
INFO:     Application startup complete.
INFO:     Shutting down
INFO:     Waiting for application shutdown.
INFO:     Application shutdown complete.
INFO:     Finished server process [2684]
INFO:     Stopping reloader process [10416]
