Setting up and running the application... 
Project root set to: C:\Users\ADMIN\Documents\Foxconn\autocode_assistant\code_generated_result\to_do_web_app\ 
Checking for Python... 
Python 3.12.6
Python found. 
Setting up virtual environment in C:\Users\ADMIN\Documents\Foxconn\autocode_assistant\code_generated_result\to_do_web_app\\venv... 
Virtual environment activated. 
Installing dependencies... 
Collecting uvicorn (from -r requirements.txt (line 2))
  Using cached uvicorn-0.34.2-py3-none-any.whl.metadata (6.5 kB)
Collecting SQLAlchemy (from -r requirements.txt (line 3))
  Using cached sqlalchemy-2.0.41-cp312-cp312-win_amd64.whl.metadata (9.8 kB)
Collecting pydantic (from -r requirements.txt (line 4))
  Using cached pydantic-2.11.5-py3-none-any.whl.metadata (67 kB)
Collecting fastapi[all] (from -r requirements.txt (line 1))
  Using cached fastapi-0.115.12-py3-none-any.whl.metadata (27 kB)
Collecting starlette<0.47.0,>=0.40.0 (from fastapi[all]->-r requirements.txt (line 1))
  Using cached starlette-0.46.2-py3-none-any.whl.metadata (6.2 kB)
Collecting typing-extensions>=4.8.0 (from fastapi[all]->-r requirements.txt (line 1))
  Using cached typing_extensions-4.13.2-py3-none-any.whl.metadata (3.0 kB)
Collecting fastapi-cli>=0.0.5 (from fastapi-cli[standard]>=0.0.5; extra == "all"->fastapi[all]->-r requirements.txt (line 1))
  Downloading fastapi_cli-0.0.7-py3-none-any.whl.metadata (6.2 kB)
Collecting httpx>=0.23.0 (from fastapi[all]->-r requirements.txt (line 1))
  Using cached httpx-0.28.1-py3-none-any.whl.metadata (7.1 kB)
Collecting jinja2>=3.1.5 (from fastapi[all]->-r requirements.txt (line 1))
  Using cached jinja2-3.1.6-py3-none-any.whl.metadata (2.9 kB)
Collecting python-multipart>=0.0.18 (from fastapi[all]->-r requirements.txt (line 1))
  Using cached python_multipart-0.0.20-py3-none-any.whl.metadata (1.8 kB)
Collecting itsdangerous>=1.1.0 (from fastapi[all]->-r requirements.txt (line 1))
  Using cached itsdangerous-2.2.0-py3-none-any.whl.metadata (1.9 kB)
Collecting pyyaml>=5.3.1 (from fastapi[all]->-r requirements.txt (line 1))
  Using cached PyYAML-6.0.2-cp312-cp312-win_amd64.whl.metadata (2.1 kB)
Collecting ujson!=4.0.2,!=4.1.0,!=4.2.0,!=4.3.0,!=5.0.0,!=5.1.0,>=4.0.1 (from fastapi[all]->-r requirements.txt (line 1))
  Downloading ujson-5.10.0-cp312-cp312-win_amd64.whl.metadata (9.5 kB)
Collecting orjson>=3.2.1 (from fastapi[all]->-r requirements.txt (line 1))
  Downloading orjson-3.10.18-cp312-cp312-win_amd64.whl.metadata (43 kB)
Collecting email-validator>=2.0.0 (from fastapi[all]->-r requirements.txt (line 1))
  Using cached email_validator-2.2.0-py3-none-any.whl.metadata (25 kB)
Collecting pydantic-settings>=2.0.0 (from fastapi[all]->-r requirements.txt (line 1))
  Using cached pydantic_settings-2.9.1-py3-none-any.whl.metadata (3.8 kB)
Collecting pydantic-extra-types>=2.0.0 (from fastapi[all]->-r requirements.txt (line 1))
  Downloading pydantic_extra_types-2.10.4-py3-none-any.whl.metadata (3.9 kB)
Collecting click>=7.0 (from uvicorn->-r requirements.txt (line 2))
  Using cached click-8.2.1-py3-none-any.whl.metadata (2.5 kB)
Collecting h11>=0.8 (from uvicorn->-r requirements.txt (line 2))
  Using cached h11-0.16.0-py3-none-any.whl.metadata (8.3 kB)
Collecting greenlet>=1 (from SQLAlchemy->-r requirements.txt (line 3))
  Using cached greenlet-3.2.2-cp312-cp312-win_amd64.whl.metadata (4.2 kB)
Collecting annotated-types>=0.6.0 (from pydantic->-r requirements.txt (line 4))
  Using cached annotated_types-0.7.0-py3-none-any.whl.metadata (15 kB)
Collecting pydantic-core==2.33.2 (from pydantic->-r requirements.txt (line 4))
  Using cached pydantic_core-2.33.2-cp312-cp312-win_amd64.whl.metadata (6.9 kB)
Collecting typing-inspection>=0.4.0 (from pydantic->-r requirements.txt (line 4))
  Using cached typing_inspection-0.4.1-py3-none-any.whl.metadata (2.6 kB)
Collecting colorama>=0.4 (from uvicorn[standard]->-r requirements.txt (line 5))
  Using cached colorama-0.4.6-py2.py3-none-any.whl.metadata (17 kB)
Collecting httptools>=0.6.3 (from uvicorn[standard]->-r requirements.txt (line 5))
  Using cached httptools-0.6.4-cp312-cp312-win_amd64.whl.metadata (3.7 kB)
Collecting python-dotenv>=0.13 (from uvicorn[standard]->-r requirements.txt (line 5))
  Using cached python_dotenv-1.1.0-py3-none-any.whl.metadata (24 kB)
Collecting watchfiles>=0.13 (from uvicorn[standard]->-r requirements.txt (line 5))
  Downloading watchfiles-1.0.5-cp312-cp312-win_amd64.whl.metadata (5.0 kB)
Collecting websockets>=10.4 (from uvicorn[standard]->-r requirements.txt (line 5))
  Using cached websockets-15.0.1-cp312-cp312-win_amd64.whl.metadata (7.0 kB)
Collecting dnspython>=2.0.0 (from email-validator>=2.0.0->fastapi[all]->-r requirements.txt (line 1))
  Using cached dnspython-2.7.0-py3-none-any.whl.metadata (5.8 kB)
Collecting idna>=2.0.0 (from email-validator>=2.0.0->fastapi[all]->-r requirements.txt (line 1))
  Using cached idna-3.10-py3-none-any.whl.metadata (10 kB)
Collecting typer>=0.12.3 (from fastapi-cli>=0.0.5->fastapi-cli[standard]>=0.0.5; extra == "all"->fastapi[all]->-r requirements.txt (line 1))
  Downloading typer-0.16.0-py3-none-any.whl.metadata (15 kB)
Collecting rich-toolkit>=0.11.1 (from fastapi-cli>=0.0.5->fastapi-cli[standard]>=0.0.5; extra == "all"->fastapi[all]->-r requirements.txt (line 1))
  Downloading rich_toolkit-0.14.6-py3-none-any.whl.metadata (999 bytes)
Collecting anyio (from httpx>=0.23.0->fastapi[all]->-r requirements.txt (line 1))
  Using cached anyio-4.9.0-py3-none-any.whl.metadata (4.7 kB)
Collecting certifi (from httpx>=0.23.0->fastapi[all]->-r requirements.txt (line 1))
  Using cached certifi-2025.4.26-py3-none-any.whl.metadata (2.5 kB)
Collecting httpcore==1.* (from httpx>=0.23.0->fastapi[all]->-r requirements.txt (line 1))
  Using cached httpcore-1.0.9-py3-none-any.whl.metadata (21 kB)
Collecting MarkupSafe>=2.0 (from jinja2>=3.1.5->fastapi[all]->-r requirements.txt (line 1))
  Using cached MarkupSafe-3.0.2-cp312-cp312-win_amd64.whl.metadata (4.1 kB)
Collecting sniffio>=1.1 (from anyio->httpx>=0.23.0->fastapi[all]->-r requirements.txt (line 1))
  Using cached sniffio-1.3.1-py3-none-any.whl.metadata (3.9 kB)
Collecting rich>=13.7.1 (from rich-toolkit>=0.11.1->fastapi-cli>=0.0.5->fastapi-cli[standard]>=0.0.5; extra == "all"->fastapi[all]->-r requirements.txt (line 1))
  Using cached rich-14.0.0-py3-none-any.whl.metadata (18 kB)
Collecting shellingham>=1.3.0 (from typer>=0.12.3->fastapi-cli>=0.0.5->fastapi-cli[standard]>=0.0.5; extra == "all"->fastapi[all]->-r requirements.txt (line 1))
  Using cached shellingham-1.5.4-py2.py3-none-any.whl.metadata (3.5 kB)
Collecting markdown-it-py>=2.2.0 (from rich>=13.7.1->rich-toolkit>=0.11.1->fastapi-cli>=0.0.5->fastapi-cli[standard]>=0.0.5; extra == "all"->fastapi[all]->-r requirements.txt (line 1))
  Using cached markdown_it_py-3.0.0-py3-none-any.whl.metadata (6.9 kB)
Collecting pygments<3.0.0,>=2.13.0 (from rich>=13.7.1->rich-toolkit>=0.11.1->fastapi-cli>=0.0.5->fastapi-cli[standard]>=0.0.5; extra == "all"->fastapi[all]->-r requirements.txt (line 1))
  Using cached pygments-2.19.1-py3-none-any.whl.metadata (2.5 kB)
Collecting mdurl~=0.1 (from markdown-it-py>=2.2.0->rich>=13.7.1->rich-toolkit>=0.11.1->fastapi-cli>=0.0.5->fastapi-cli[standard]>=0.0.5; extra == "all"->fastapi[all]->-r requirements.txt (line 1))
  Using cached mdurl-0.1.2-py3-none-any.whl.metadata (1.6 kB)
Using cached uvicorn-0.34.2-py3-none-any.whl (62 kB)
Using cached sqlalchemy-2.0.41-cp312-cp312-win_amd64.whl (2.1 MB)
Using cached pydantic-2.11.5-py3-none-any.whl (444 kB)
Using cached pydantic_core-2.33.2-cp312-cp312-win_amd64.whl (2.0 MB)
Using cached annotated_types-0.7.0-py3-none-any.whl (13 kB)
Downloading click-8.2.1-py3-none-any.whl (102 kB)
Using cached colorama-0.4.6-py2.py3-none-any.whl (25 kB)
Using cached email_validator-2.2.0-py3-none-any.whl (33 kB)
Downloading fastapi_cli-0.0.7-py3-none-any.whl (10 kB)
Using cached greenlet-3.2.2-cp312-cp312-win_amd64.whl (296 kB)
Using cached h11-0.16.0-py3-none-any.whl (37 kB)
Using cached httptools-0.6.4-cp312-cp312-win_amd64.whl (88 kB)
Using cached httpx-0.28.1-py3-none-any.whl (73 kB)
Using cached httpcore-1.0.9-py3-none-any.whl (78 kB)
Using cached itsdangerous-2.2.0-py3-none-any.whl (16 kB)
Using cached jinja2-3.1.6-py3-none-any.whl (134 kB)
Downloading orjson-3.10.18-cp312-cp312-win_amd64.whl (134 kB)
Downloading pydantic_extra_types-2.10.4-py3-none-any.whl (37 kB)
Using cached pydantic_settings-2.9.1-py3-none-any.whl (44 kB)
Using cached python_dotenv-1.1.0-py3-none-any.whl (20 kB)
Using cached python_multipart-0.0.20-py3-none-any.whl (24 kB)
Using cached PyYAML-6.0.2-cp312-cp312-win_amd64.whl (156 kB)
Using cached starlette-0.46.2-py3-none-any.whl (72 kB)
Using cached typing_extensions-4.13.2-py3-none-any.whl (45 kB)
Using cached typing_inspection-0.4.1-py3-none-any.whl (14 kB)
Downloading ujson-5.10.0-cp312-cp312-win_amd64.whl (42 kB)
Downloading watchfiles-1.0.5-cp312-cp312-win_amd64.whl (291 kB)
Using cached websockets-15.0.1-cp312-cp312-win_amd64.whl (176 kB)
Using cached fastapi-0.115.12-py3-none-any.whl (95 kB)
Using cached anyio-4.9.0-py3-none-any.whl (100 kB)
Using cached dnspython-2.7.0-py3-none-any.whl (313 kB)
Using cached idna-3.10-py3-none-any.whl (70 kB)
Using cached MarkupSafe-3.0.2-cp312-cp312-win_amd64.whl (15 kB)
Downloading rich_toolkit-0.14.6-py3-none-any.whl (24 kB)
Downloading typer-0.16.0-py3-none-any.whl (46 kB)
Using cached certifi-2025.4.26-py3-none-any.whl (159 kB)
Using cached rich-14.0.0-py3-none-any.whl (243 kB)
Using cached shellingham-1.5.4-py2.py3-none-any.whl (9.8 kB)
Using cached sniffio-1.3.1-py3-none-any.whl (10 kB)
Using cached markdown_it_py-3.0.0-py3-none-any.whl (87 kB)
Using cached pygments-2.19.1-py3-none-any.whl (1.2 MB)
Using cached mdurl-0.1.2-py3-none-any.whl (10.0 kB)
Installing collected packages: websockets, ujson, typing-extensions, sniffio, shellingham, pyyaml, python-multipart, python-dotenv, pygments, orjson, mdurl, MarkupSafe, itsdangerous, idna, httptools, h11, greenlet, dnspython, colorama, certifi, annotated-types, typing-inspection, SQLAlchemy, pydantic-core, markdown-it-py, jinja2, httpcore, email-validator, click, anyio, watchfiles, uvicorn, starlette, rich, pydantic, httpx, typer, rich-toolkit, pydantic-settings, pydantic-extra-types, fastapi, fastapi-cli
Successfully installed MarkupSafe-3.0.2 SQLAlchemy-2.0.41 annotated-types-0.7.0 anyio-4.9.0 certifi-2025.4.26 click-8.2.1 colorama-0.4.6 dnspython-2.7.0 email-validator-2.2.0 fastapi-0.115.12 fastapi-cli-0.0.7 greenlet-3.2.2 h11-0.16.0 httpcore-1.0.9 httptools-0.6.4 httpx-0.28.1 idna-3.10 itsdangerous-2.2.0 jinja2-3.1.6 markdown-it-py-3.0.0 mdurl-0.1.2 orjson-3.10.18 pydantic-2.11.5 pydantic-core-2.33.2 pydantic-extra-types-2.10.4 pydantic-settings-2.9.1 pygments-2.19.1 python-dotenv-1.1.0 python-multipart-0.0.20 pyyaml-6.0.2 rich-14.0.0 rich-toolkit-0.14.6 shellingham-1.5.4 sniffio-1.3.1 starlette-0.46.2 typer-0.16.0 typing-extensions-4.13.2 typing-inspection-0.4.1 ujson-5.10.0 uvicorn-0.34.2 watchfiles-1.0.5 websockets-15.0.1

[notice] A new release of pip is available: 24.2 -> 25.1.1
[notice] To update, run: python.exe -m pip install --upgrade pip
Dependencies installed. 
Starting the application... 
INFO:     Will watch for changes in these directories: ['C:\\Users\\ADMIN\\Documents\\Foxconn\\autocode_assistant\\code_generated_result\\to_do_web_app']
INFO:     Uvicorn running on http://127.0.0.1:8001 (Press CTRL+C to quit)
INFO:     Started reloader process [15940] using WatchFiles
Process SpawnProcess-1:
Traceback (most recent call last):
  File "C:\Users\ADMIN\AppData\Local\Programs\Python\Python312\Lib\multiprocessing\process.py", line 314, in _bootstrap
    self.run()
  File "C:\Users\ADMIN\AppData\Local\Programs\Python\Python312\Lib\multiprocessing\process.py", line 108, in run
    self._target(*self._args, **self._kwargs)
  File "C:\Users\ADMIN\Documents\Foxconn\autocode_assistant\code_generated_result\to_do_web_app\venv\Lib\site-packages\uvicorn\_subprocess.py", line 80, in subprocess_started
    target(sockets=sockets)
  File "C:\Users\ADMIN\Documents\Foxconn\autocode_assistant\code_generated_result\to_do_web_app\venv\Lib\site-packages\uvicorn\server.py", line 66, in run
    return asyncio.run(self.serve(sockets=sockets))
           ^^^^^^^^^^^^^^^^^^^^^^^^^^^^^^^^^^^^^^^^
  File "C:\Users\ADMIN\AppData\Local\Programs\Python\Python312\Lib\asyncio\runners.py", line 194, in run
    return runner.run(main)
           ^^^^^^^^^^^^^^^^
  File "C:\Users\ADMIN\AppData\Local\Programs\Python\Python312\Lib\asyncio\runners.py", line 118, in run
    return self._loop.run_until_complete(task)
           ^^^^^^^^^^^^^^^^^^^^^^^^^^^^^^^^^^^
  File "C:\Users\ADMIN\AppData\Local\Programs\Python\Python312\Lib\asyncio\base_events.py", line 687, in run_until_complete
    return future.result()
           ^^^^^^^^^^^^^^^
  File "C:\Users\ADMIN\Documents\Foxconn\autocode_assistant\code_generated_result\to_do_web_app\venv\Lib\site-packages\uvicorn\server.py", line 70, in serve
    await self._serve(sockets)
  File "C:\Users\ADMIN\Documents\Foxconn\autocode_assistant\code_generated_result\to_do_web_app\venv\Lib\site-packages\uvicorn\server.py", line 77, in _serve
    config.load()
  File "C:\Users\ADMIN\Documents\Foxconn\autocode_assistant\code_generated_result\to_do_web_app\venv\Lib\site-packages\uvicorn\config.py", line 435, in load
    self.loaded_app = import_from_string(self.app)
                      ^^^^^^^^^^^^^^^^^^^^^^^^^^^^
  File "C:\Users\ADMIN\Documents\Foxconn\autocode_assistant\code_generated_result\to_do_web_app\venv\Lib\site-packages\uvicorn\importer.py", line 19, in import_from_string
    module = importlib.import_module(module_str)
             ^^^^^^^^^^^^^^^^^^^^^^^^^^^^^^^^^^^
  File "C:\Users\ADMIN\AppData\Local\Programs\Python\Python312\Lib\importlib\__init__.py", line 90, in import_module
    return _bootstrap._gcd_import(name[level:], package, level)
           ^^^^^^^^^^^^^^^^^^^^^^^^^^^^^^^^^^^^^^^^^^^^^^^^^^^^
  File "<frozen importlib._bootstrap>", line 1387, in _gcd_import
  File "<frozen importlib._bootstrap>", line 1360, in _find_and_load
  File "<frozen importlib._bootstrap>", line 1331, in _find_and_load_unlocked
  File "<frozen importlib._bootstrap>", line 935, in _load_unlocked
  File "<frozen importlib._bootstrap_external>", line 995, in exec_module
  File "<frozen importlib._bootstrap>", line 488, in _call_with_frames_removed
  File "C:\Users\ADMIN\Documents\Foxconn\autocode_assistant\code_generated_result\to_do_web_app\backend\main.py", line 28, in <module>
    import backend.routes
  File "C:\Users\ADMIN\Documents\Foxconn\autocode_assistant\code_generated_result\to_do_web_app\backend\routes.py", line 4, in <module>
    from . import models, schemas
ImportError: cannot import name 'schemas' from 'backend' (unknown location)
INFO:     Stopping reloader process [15940]
Application started. 
